0 info it worked if it ends with ok
1 verbose cli [ '/usr/bin/node',
1 verbose cli   '/usr/bin/npm',
1 verbose cli   'install',
1 verbose cli   '-g',
1 verbose cli   'arduino-firmata',
1 verbose cli   '--save' ]
2 info using npm@1.4.28
3 info using node@v0.10.36
4 verbose node symlink /usr/bin/node
5 verbose cache add [ 'arduino-firmata', null ]
6 verbose cache add name=undefined spec="arduino-firmata" args=["arduino-firmata",null]
7 verbose parsed url { protocol: null,
7 verbose parsed url   slashes: null,
7 verbose parsed url   auth: null,
7 verbose parsed url   host: null,
7 verbose parsed url   port: null,
7 verbose parsed url   hostname: null,
7 verbose parsed url   hash: null,
7 verbose parsed url   search: null,
7 verbose parsed url   query: null,
7 verbose parsed url   pathname: 'arduino-firmata',
7 verbose parsed url   path: 'arduino-firmata',
7 verbose parsed url   href: 'arduino-firmata' }
8 silly lockFile 878db889-arduino-firmata arduino-firmata
9 verbose lock arduino-firmata /home/luciano/.npm/878db889-arduino-firmata.lock
10 silly lockFile 878db889-arduino-firmata arduino-firmata
11 silly lockFile 878db889-arduino-firmata arduino-firmata
12 verbose addNamed [ 'arduino-firmata', '' ]
13 verbose addNamed [ null, '*' ]
14 silly lockFile 6496fe56-arduino-firmata arduino-firmata@
15 verbose lock arduino-firmata@ /home/luciano/.npm/6496fe56-arduino-firmata.lock
16 silly addNameRange { name: 'arduino-firmata', range: '*', hasData: false }
17 verbose request where is /arduino-firmata
18 verbose request registry https://registry.npmjs.org/
19 verbose request id 2e619fc3d88774b2
20 verbose url raw /arduino-firmata
21 verbose url resolving [ 'https://registry.npmjs.org/', './arduino-firmata' ]
22 verbose url resolved https://registry.npmjs.org/arduino-firmata
23 verbose request where is https://registry.npmjs.org/arduino-firmata
24 info trying registry request attempt 1 at 14:11:43
25 verbose etag "2O72TU3P6BM07HNM9MY30ENIE"
26 http GET https://registry.npmjs.org/arduino-firmata
27 http 304 https://registry.npmjs.org/arduino-firmata
28 silly registry.get cb [ 304,
28 silly registry.get   { date: 'Tue, 03 Mar 2015 17:11:44 GMT',
28 silly registry.get     server: 'Apache',
28 silly registry.get     via: '1.1 varnish',
28 silly registry.get     'last-modified': 'Tue, 03 Mar 2015 17:11:44 GMT',
28 silly registry.get     'cache-control': 'max-age=60',
28 silly registry.get     etag: '"2O72TU3P6BM07HNM9MY30ENIE"',
28 silly registry.get     age: '0',
28 silly registry.get     'x-served-by': 'cache-atl6228-ATL',
28 silly registry.get     'x-cache': 'MISS',
28 silly registry.get     'x-cache-hits': '0',
28 silly registry.get     'x-timer': 'S1425402704.777840,VS0,VE46',
28 silly registry.get     vary: 'Accept',
28 silly registry.get     'content-length': '0',
28 silly registry.get     'keep-alive': 'timeout=10, max=50',
28 silly registry.get     connection: 'Keep-Alive' } ]
29 verbose etag https://registry.npmjs.org/arduino-firmata from cache
30 silly addNameRange number 2 { name: 'arduino-firmata', range: '*', hasData: true }
31 silly addNameRange versions [ 'arduino-firmata',
31 silly addNameRange   [ '0.0.1',
31 silly addNameRange     '0.0.2',
31 silly addNameRange     '0.0.3',
31 silly addNameRange     '0.0.4',
31 silly addNameRange     '0.0.5',
31 silly addNameRange     '0.1.0',
31 silly addNameRange     '0.2.0',
31 silly addNameRange     '0.2.1',
31 silly addNameRange     '0.3.0',
31 silly addNameRange     '0.3.1',
31 silly addNameRange     '0.3.2' ] ]
32 verbose addNamed [ 'arduino-firmata', '0.3.2' ]
33 verbose addNamed [ '0.3.2', '0.3.2' ]
34 silly lockFile 7358d662-arduino-firmata-0-3-2 arduino-firmata@0.3.2
35 verbose lock arduino-firmata@0.3.2 /home/luciano/.npm/7358d662-arduino-firmata-0-3-2.lock
36 silly lockFile 7358d662-arduino-firmata-0-3-2 arduino-firmata@0.3.2
37 silly lockFile 7358d662-arduino-firmata-0-3-2 arduino-firmata@0.3.2
38 silly lockFile 6496fe56-arduino-firmata arduino-firmata@
39 silly lockFile 6496fe56-arduino-firmata arduino-firmata@
40 silly resolved [ { name: 'arduino-firmata',
40 silly resolved     private: false,
40 silly resolved     version: '0.3.2',
40 silly resolved     description: 'Arduino Firmata implementation for Node.js',
40 silly resolved     main: 'lib/arduino-firmata.js',
40 silly resolved     scripts: { test: 'grunt test' },
40 silly resolved     devDependencies:
40 silly resolved      { 'coffee-errors': '*',
40 silly resolved        'coffee-script': '^1.8',
40 silly resolved        async: '*',
40 silly resolved        mocha: '*',
40 silly resolved        grunt: '*',
40 silly resolved        'grunt-cli': '*',
40 silly resolved        'grunt-simple-mocha': '*',
40 silly resolved        'grunt-notify': '*',
40 silly resolved        'grunt-contrib-coffee': '*',
40 silly resolved        'grunt-coffeelint': '*',
40 silly resolved        'grunt-contrib-watch': '*',
40 silly resolved        'socket.io': '*' },
40 silly resolved     keywords: [ 'arduino', 'firmata' ],
40 silly resolved     author: { name: 'Sho Hashimoto', email: 'hashimoto@shokai.org' },
40 silly resolved     license: 'MIT',
40 silly resolved     dependencies: { serialport: '*', eventemitter2: '*', debug: '*' },
40 silly resolved     directories: { test: 'tests' },
40 silly resolved     repository:
40 silly resolved      { type: 'git',
40 silly resolved        url: 'git://github.com/shokai/node-arduino-firmata.git' },
40 silly resolved     bugs: { url: 'https://github.com/shokai/node-arduino-firmata/issues' },
40 silly resolved     homepage: 'https://github.com/shokai/node-arduino-firmata',
40 silly resolved     gitHead: 'd0ead6c93d457d64a4a882db3d093f118e58b430',
40 silly resolved     _id: 'arduino-firmata@0.3.2',
40 silly resolved     _shasum: '17e56d0eae1e328367a69b03b3399601b7db9cec',
40 silly resolved     _from: 'arduino-firmata@',
40 silly resolved     _npmVersion: '2.0.0',
40 silly resolved     _npmUser: { name: 'shokai', email: 'hashimoto@shokai.org' },
40 silly resolved     maintainers: [ [Object] ],
40 silly resolved     dist:
40 silly resolved      { shasum: '17e56d0eae1e328367a69b03b3399601b7db9cec',
40 silly resolved        tarball: 'http://registry.npmjs.org/arduino-firmata/-/arduino-firmata-0.3.2.tgz' },
40 silly resolved     _resolved: 'https://registry.npmjs.org/arduino-firmata/-/arduino-firmata-0.3.2.tgz',
40 silly resolved     readme: 'ERROR: No README data found!' } ]
41 info install arduino-firmata@0.3.2 into /usr/lib
42 info installOne arduino-firmata@0.3.2
43 verbose lib/node_modules/arduino-firmata unbuild
44 verbose tar unpack /home/luciano/.npm/arduino-firmata/0.3.2/package.tgz
45 silly lockFile 4faf0cd6-lib-node-modules-arduino-firmata tar:///usr/lib/node_modules/arduino-firmata
46 verbose lock tar:///usr/lib/node_modules/arduino-firmata /home/luciano/.npm/4faf0cd6-lib-node-modules-arduino-firmata.lock
47 silly lockFile 38155a29-rduino-firmata-0-3-2-package-tgz tar:///home/luciano/.npm/arduino-firmata/0.3.2/package.tgz
48 verbose lock tar:///home/luciano/.npm/arduino-firmata/0.3.2/package.tgz /home/luciano/.npm/38155a29-rduino-firmata-0-3-2-package-tgz.lock
49 silly gunzTarPerm modes [ '775', '664' ]
50 error Error: EACCES, mkdir '/usr/lib/node_modules/arduino-firmata'
50 error  { [Error: EACCES, mkdir '/usr/lib/node_modules/arduino-firmata']
50 error   errno: 3,
50 error   code: 'EACCES',
50 error   path: '/usr/lib/node_modules/arduino-firmata',
50 error   fstream_type: 'Directory',
50 error   fstream_path: '/usr/lib/node_modules/arduino-firmata',
50 error   fstream_class: 'DirWriter',
50 error   fstream_stack:
50 error    [ '/usr/lib/node_modules/npm/node_modules/fstream/lib/dir-writer.js:36:23',
50 error      '/usr/lib/node_modules/npm/node_modules/mkdirp/index.js:46:53',
50 error      'Object.oncomplete (fs.js:108:15)' ] }
51 error Please try running this command again as root/Administrator.
52 error System Linux 3.13.0-46-generic
53 error command "/usr/bin/node" "/usr/bin/npm" "install" "-g" "arduino-firmata" "--save"
54 error cwd /home/luciano/FixedHome/gitProjects/analogread_02
55 error node -v v0.10.36
56 error npm -v 1.4.28
57 error path /usr/lib/node_modules/arduino-firmata
58 error fstream_path /usr/lib/node_modules/arduino-firmata
59 error fstream_type Directory
60 error fstream_class DirWriter
61 error code EACCES
62 error errno 3
63 error stack Error: EACCES, mkdir '/usr/lib/node_modules/arduino-firmata'
64 error fstream_stack /usr/lib/node_modules/npm/node_modules/fstream/lib/dir-writer.js:36:23
64 error fstream_stack /usr/lib/node_modules/npm/node_modules/mkdirp/index.js:46:53
64 error fstream_stack Object.oncomplete (fs.js:108:15)
65 verbose exit [ 3, true ]
